Publication nebula not found in project :.
[buildinfo] Not using buildInfo properties file for this build.
:releaseCheck SKIPPED
:final SKIPPED
:prepare SKIPPED
:compileJava SKIPPED
:compileGroovy SKIPPED
:processResources SKIPPED
:classes SKIPPED
:writeManifestProperties SKIPPED
:jar SKIPPED
:assemble SKIPPED
:compileTestJava SKIPPED
:compileTestGroovy SKIPPED
:processTestResources SKIPPED
:testClasses SKIPPED
:test SKIPPED
:check SKIPPED
:cats:cats-core:compileJava SKIPPED
:cats:cats-core:compileGroovy SKIPPED
:cats:cats-core:processResources SKIPPED
:cats:cats-core:classes SKIPPED
:cats:cats-core:writeManifestProperties SKIPPED
:cats:cats-core:jar SKIPPED
:clouddriver-security:compileJava SKIPPED
:clouddriver-security:compileGroovy SKIPPED
:clouddriver-security:processResources SKIPPED
:clouddriver-security:classes SKIPPED
:clouddriver-security:writeManifestProperties SKIPPED
:clouddriver-security:jar SKIPPED
:cats:cats-redis:compileJava SKIPPED
:cats:cats-redis:compileGroovy SKIPPED
:cats:cats-redis:processResources SKIPPED
:cats:cats-redis:classes SKIPPED
:cats:cats-redis:writeManifestProperties SKIPPED
:cats:cats-redis:jar SKIPPED
:clouddriver-core:compileJava SKIPPED
:clouddriver-core:compileGroovy SKIPPED
:clouddriver-core:processResources SKIPPED
:clouddriver-core:classes SKIPPED
:clouddriver-core:writeManifestProperties SKIPPED
:clouddriver-core:jar SKIPPED
:clouddriver-google-common:compileJava SKIPPED
:clouddriver-google-common:compileGroovy SKIPPED
:clouddriver-google-common:processResources SKIPPED
:clouddriver-google-common:classes SKIPPED
:clouddriver-google-common:writeManifestProperties SKIPPED
:clouddriver-google-common:jar SKIPPED
:clouddriver-appengine:compileJava SKIPPED
:clouddriver-appengine:compileGroovy SKIPPED
:clouddriver-appengine:processResources SKIPPED
:clouddriver-appengine:classes SKIPPED
:clouddriver-appengine:writeManifestProperties SKIPPED
:clouddriver-appengine:jar SKIPPED
:clouddriver-appengine:assemble SKIPPED
:clouddriver-eureka:compileJava SKIPPED
:clouddriver-eureka:compileGroovy SKIPPED
:clouddriver-eureka:processResources SKIPPED
:clouddriver-eureka:classes SKIPPED
:clouddriver-eureka:writeManifestProperties SKIPPED
:clouddriver-eureka:jar SKIPPED
:clouddriver-aws:compileJava SKIPPED
:clouddriver-aws:compileGroovy SKIPPED
:clouddriver-aws:processResources SKIPPED
:clouddriver-aws:classes SKIPPED
:clouddriver-aws:writeManifestProperties SKIPPED
:clouddriver-aws:jar SKIPPED
:clouddriver-aws:assemble SKIPPED
:clouddriver-azure:compileJava SKIPPED
:clouddriver-azure:compileGroovy SKIPPED
:clouddriver-azure:processResources SKIPPED
:clouddriver-azure:classes SKIPPED
:clouddriver-azure:writeManifestProperties SKIPPED
:clouddriver-azure:jar SKIPPED
:clouddriver-azure:assemble SKIPPED
:clouddriver-cf:compileJava SKIPPED
:clouddriver-cf:compileGroovy SKIPPED
:clouddriver-cf:processResources SKIPPED
:clouddriver-cf:classes SKIPPED
:clouddriver-cf:writeManifestProperties SKIPPED
:clouddriver-cf:jar SKIPPED
:clouddriver-cf:assemble SKIPPED
:clouddriver-consul:compileJava SKIPPED
:clouddriver-consul:compileGroovy SKIPPED
:clouddriver-consul:processResources SKIPPED
:clouddriver-consul:classes SKIPPED
:clouddriver-consul:writeManifestProperties SKIPPED
:clouddriver-consul:jar SKIPPED
:clouddriver-consul:assemble SKIPPED
:clouddriver-core:assemble SKIPPED
:clouddriver-docker:compileJava SKIPPED
:clouddriver-docker:compileGroovy SKIPPED
:clouddriver-docker:processResources SKIPPED
:clouddriver-docker:classes SKIPPED
:clouddriver-docker:writeManifestProperties SKIPPED
:clouddriver-docker:jar SKIPPED
:clouddriver-docker:assemble SKIPPED
:clouddriver-elasticsearch:compileJava SKIPPED
:clouddriver-elasticsearch:compileGroovy SKIPPED
:clouddriver-elasticsearch:processResources SKIPPED
:clouddriver-elasticsearch:classes SKIPPED
:clouddriver-elasticsearch:writeManifestProperties SKIPPED
:clouddriver-elasticsearch:jar SKIPPED
:clouddriver-elasticsearch:assemble SKIPPED
:clouddriver-eureka:assemble SKIPPED
:clouddriver-google:compileJava SKIPPED
:clouddriver-google:compileGroovy SKIPPED
:clouddriver-google:processResources SKIPPED
:clouddriver-google:classes SKIPPED
:clouddriver-google:writeManifestProperties SKIPPED
:clouddriver-google:jar SKIPPED
:clouddriver-google:assemble SKIPPED
:clouddriver-google-common:assemble SKIPPED
:clouddriver-kubernetes:compileJava SKIPPED
:clouddriver-kubernetes:compileGroovy SKIPPED
:clouddriver-kubernetes:processResources SKIPPED
:clouddriver-kubernetes:classes SKIPPED
:clouddriver-kubernetes:writeManifestProperties SKIPPED
:clouddriver-kubernetes:jar SKIPPED
:clouddriver-kubernetes:assemble SKIPPED
:clouddriver-openstack:compileJava SKIPPED
:clouddriver-openstack:compileGroovy SKIPPED
:clouddriver-openstack:processResources SKIPPED
:clouddriver-openstack:classes SKIPPED
:clouddriver-openstack:writeManifestProperties SKIPPED
:clouddriver-openstack:jar SKIPPED
:clouddriver-openstack:assemble SKIPPED
:clouddriver-security:assemble SKIPPED
:clouddriver-titus:compileJava SKIPPED
:clouddriver-titus:compileGroovy SKIPPED
:clouddriver-titus:processResources SKIPPED
:clouddriver-titus:classes SKIPPED
:clouddriver-titus:writeManifestProperties SKIPPED
:clouddriver-titus:jar SKIPPED
:clouddriver-titus:assemble SKIPPED
:clouddriver-web:compileJava SKIPPED
:clouddriver-web:compileGroovy SKIPPED
:clouddriver-web:processResources SKIPPED
:clouddriver-web:classes SKIPPED
:clouddriver-web:writeManifestProperties SKIPPED
:clouddriver-web:jar SKIPPED
:clouddriver-web:findMainClass SKIPPED
:clouddriver-web:startScripts SKIPPED
:clouddriver-web:distTar SKIPPED
:clouddriver-web:distZip SKIPPED
:clouddriver-web:bootRepackage SKIPPED
:clouddriver-web:assemble SKIPPED
:cats:cats-core:assemble SKIPPED
:cats:cats-redis:assemble SKIPPED
:cats:cats-test:compileJava SKIPPED
:cats:cats-test:compileGroovy SKIPPED
:cats:cats-test:processResources SKIPPED
:cats:cats-test:classes SKIPPED
:cats:cats-test:writeManifestProperties SKIPPED
:cats:cats-test:jar SKIPPED
:cats:cats-test:assemble SKIPPED
:collectNetflixOSS SKIPPED
:build SKIPPED
:clouddriver-appengine:writeLicenseHeader SKIPPED
:clouddriver-appengine:licenseMain SKIPPED
:clouddriver-appengine:licenseTest SKIPPED
:clouddriver-appengine:license SKIPPED
:clouddriver-appengine:compileTestJava SKIPPED
:clouddriver-appengine:compileTestGroovy SKIPPED
:clouddriver-appengine:processTestResources SKIPPED
:clouddriver-appengine:testClasses SKIPPED
:clouddriver-appengine:test SKIPPED
:clouddriver-appengine:check SKIPPED
:clouddriver-appengine:build SKIPPED
:clouddriver-appengine:generatePomFileForNebulaPublication SKIPPED
:cats:cats-core:javadoc SKIPPED
:clouddriver-security:javadoc SKIPPED
:cats:cats-redis:javadoc SKIPPED
:clouddriver-core:javadoc SKIPPED
:clouddriver-google-common:javadoc SKIPPED
:clouddriver-appengine:javadoc SKIPPED
:clouddriver-appengine:javadocJar SKIPPED
:clouddriver-appengine:sourceJar SKIPPED
:clouddriver-appengine:artifactoryPublish SKIPPED
:clouddriver-aws:writeLicenseHeader SKIPPED
:clouddriver-aws:licenseMain SKIPPED
:clouddriver-aws:licenseTest SKIPPED
:clouddriver-aws:license SKIPPED
:clouddriver-aws:compileTestJava SKIPPED
:clouddriver-aws:compileTestGroovy SKIPPED
:clouddriver-aws:processTestResources SKIPPED
:clouddriver-aws:testClasses SKIPPED
:clouddriver-aws:test SKIPPED
:clouddriver-aws:check SKIPPED
:clouddriver-aws:build SKIPPED
:clouddriver-aws:generatePomFileForNebulaPublication SKIPPED
:clouddriver-eureka:javadoc SKIPPED
:clouddriver-aws:javadoc SKIPPED
:clouddriver-aws:javadocJar SKIPPED
:clouddriver-aws:sourceJar SKIPPED
:clouddriver-aws:artifactoryPublish SKIPPED
:clouddriver-azure:writeLicenseHeader SKIPPED
:clouddriver-azure:licenseMain SKIPPED
:clouddriver-azure:licenseTest SKIPPED
:clouddriver-azure:license SKIPPED
:clouddriver-azure:compileTestJava SKIPPED
:clouddriver-azure:compileTestGroovy SKIPPED
:clouddriver-azure:processTestResources SKIPPED
:clouddriver-azure:testClasses SKIPPED
:clouddriver-azure:test SKIPPED
:clouddriver-azure:check SKIPPED
:clouddriver-azure:build SKIPPED
:clouddriver-azure:generatePomFileForNebulaPublication SKIPPED
:clouddriver-azure:javadoc SKIPPED
:clouddriver-azure:javadocJar SKIPPED
:clouddriver-azure:sourceJar SKIPPED
:clouddriver-azure:artifactoryPublish SKIPPED
:clouddriver-cf:writeLicenseHeader SKIPPED
:clouddriver-cf:licenseMain SKIPPED
:clouddriver-cf:licenseTest SKIPPED
:clouddriver-cf:license SKIPPED
:clouddriver-cf:compileTestJava SKIPPED
:clouddriver-cf:compileTestGroovy SKIPPED
:clouddriver-cf:processTestResources SKIPPED
:clouddriver-cf:testClasses SKIPPED
:clouddriver-cf:test SKIPPED
:clouddriver-cf:check SKIPPED
:clouddriver-cf:build SKIPPED
:clouddriver-cf:generatePomFileForNebulaPublication SKIPPED
:clouddriver-cf:javadoc SKIPPED
:clouddriver-cf:javadocJar SKIPPED
:clouddriver-cf:sourceJar SKIPPED
:clouddriver-cf:artifactoryPublish SKIPPED
:clouddriver-consul:writeLicenseHeader SKIPPED
:clouddriver-consul:licenseMain SKIPPED
:clouddriver-consul:licenseTest SKIPPED
:clouddriver-consul:license SKIPPED
:clouddriver-consul:compileTestJava SKIPPED
:clouddriver-consul:compileTestGroovy SKIPPED
:clouddriver-consul:processTestResources SKIPPED
:clouddriver-consul:testClasses SKIPPED
:clouddriver-consul:test SKIPPED
:clouddriver-consul:check SKIPPED
:clouddriver-consul:build SKIPPED
:clouddriver-consul:generatePomFileForNebulaPublication SKIPPED
:clouddriver-consul:javadoc SKIPPED
:clouddriver-consul:javadocJar SKIPPED
:clouddriver-consul:sourceJar SKIPPED
:clouddriver-consul:artifactoryPublish SKIPPED
:clouddriver-core:writeLicenseHeader SKIPPED
:clouddriver-core:licenseMain SKIPPED
:clouddriver-core:licenseTest SKIPPED
:clouddriver-core:license SKIPPED
:clouddriver-core:compileTestJava SKIPPED
:clouddriver-core:compileTestGroovy SKIPPED
:clouddriver-core:processTestResources SKIPPED
:clouddriver-core:testClasses SKIPPED
:clouddriver-core:test SKIPPED
:clouddriver-core:check SKIPPED
:clouddriver-core:build SKIPPED
:clouddriver-core:generatePomFileForNebulaPublication SKIPPED
:clouddriver-core:javadocJar SKIPPED
:clouddriver-core:sourceJar SKIPPED
:clouddriver-core:artifactoryPublish SKIPPED
:clouddriver-docker:writeLicenseHeader SKIPPED
:clouddriver-docker:licenseMain SKIPPED
:clouddriver-docker:licenseTest SKIPPED
:clouddriver-docker:license SKIPPED
:clouddriver-docker:compileTestJava SKIPPED
:clouddriver-docker:compileTestGroovy SKIPPED
:clouddriver-docker:processTestResources SKIPPED
:clouddriver-docker:testClasses SKIPPED
:clouddriver-docker:test SKIPPED
:clouddriver-docker:check SKIPPED
:clouddriver-docker:build SKIPPED
:clouddriver-docker:generatePomFileForNebulaPublication SKIPPED
:clouddriver-docker:javadoc SKIPPED
:clouddriver-docker:javadocJar SKIPPED
:clouddriver-docker:sourceJar SKIPPED
:clouddriver-docker:artifactoryPublish SKIPPED
:clouddriver-elasticsearch:writeLicenseHeader SKIPPED
:clouddriver-elasticsearch:licenseMain SKIPPED
:clouddriver-elasticsearch:licenseTest SKIPPED
:clouddriver-elasticsearch:license SKIPPED
:clouddriver-elasticsearch:compileTestJava SKIPPED
:clouddriver-elasticsearch:compileTestGroovy SKIPPED
:clouddriver-elasticsearch:processTestResources SKIPPED
:clouddriver-elasticsearch:testClasses SKIPPED
:clouddriver-elasticsearch:test SKIPPED
:clouddriver-elasticsearch:check SKIPPED
:clouddriver-elasticsearch:build SKIPPED
:clouddriver-elasticsearch:generatePomFileForNebulaPublication SKIPPED
:clouddriver-elasticsearch:javadoc SKIPPED
:clouddriver-elasticsearch:javadocJar SKIPPED
:clouddriver-elasticsearch:sourceJar SKIPPED
:clouddriver-elasticsearch:artifactoryPublish SKIPPED
:clouddriver-eureka:writeLicenseHeader SKIPPED
:clouddriver-eureka:licenseMain SKIPPED
:clouddriver-eureka:licenseTest SKIPPED
:clouddriver-eureka:license SKIPPED
:clouddriver-eureka:compileTestJava SKIPPED
:clouddriver-eureka:compileTestGroovy SKIPPED
:clouddriver-eureka:processTestResources SKIPPED
:clouddriver-eureka:testClasses SKIPPED
:clouddriver-eureka:test SKIPPED
:clouddriver-eureka:check SKIPPED
:clouddriver-eureka:build SKIPPED
:clouddriver-eureka:generatePomFileForNebulaPublication SKIPPED
:clouddriver-eureka:javadocJar SKIPPED
:clouddriver-eureka:sourceJar SKIPPED
:clouddriver-eureka:artifactoryPublish SKIPPED
:clouddriver-google:writeLicenseHeader SKIPPED
:clouddriver-google:licenseMain SKIPPED
:clouddriver-google:licenseTest SKIPPED
:clouddriver-google:license SKIPPED
:clouddriver-google:compileTestJava SKIPPED
:clouddriver-google:compileTestGroovy SKIPPED
:clouddriver-google:processTestResources SKIPPED
:clouddriver-google:testClasses SKIPPED
:clouddriver-google:test SKIPPED
:clouddriver-google:check SKIPPED
:clouddriver-google:build SKIPPED
:clouddriver-google:generatePomFileForNebulaPublication SKIPPED
:clouddriver-google:javadoc SKIPPED
:clouddriver-google:javadocJar SKIPPED
:clouddriver-google:sourceJar SKIPPED
:clouddriver-google:artifactoryPublish SKIPPED
:clouddriver-google-common:writeLicenseHeader SKIPPED
:clouddriver-google-common:licenseMain SKIPPED
:clouddriver-google-common:licenseTest SKIPPED
:clouddriver-google-common:license SKIPPED
:clouddriver-google-common:compileTestJava SKIPPED
:clouddriver-google-common:compileTestGroovy SKIPPED
:clouddriver-google-common:processTestResources SKIPPED
:clouddriver-google-common:testClasses SKIPPED
:clouddriver-google-common:test SKIPPED
:clouddriver-google-common:check SKIPPED
:clouddriver-google-common:build SKIPPED
:clouddriver-google-common:generatePomFileForNebulaPublication SKIPPED
:clouddriver-google-common:javadocJar SKIPPED
:clouddriver-google-common:sourceJar SKIPPED
:clouddriver-google-common:artifactoryPublish SKIPPED
:clouddriver-kubernetes:writeLicenseHeader SKIPPED
:clouddriver-kubernetes:licenseMain SKIPPED
:clouddriver-kubernetes:licenseTest SKIPPED
:clouddriver-kubernetes:license SKIPPED
:clouddriver-kubernetes:compileTestJava SKIPPED
:clouddriver-kubernetes:compileTestGroovy SKIPPED
:clouddriver-kubernetes:processTestResources SKIPPED
:clouddriver-kubernetes:testClasses SKIPPED
:clouddriver-kubernetes:test SKIPPED
:clouddriver-kubernetes:check SKIPPED
:clouddriver-kubernetes:build SKIPPED
:clouddriver-kubernetes:generatePomFileForNebulaPublication SKIPPED
:clouddriver-kubernetes:javadoc SKIPPED
:clouddriver-kubernetes:javadocJar SKIPPED
:clouddriver-kubernetes:sourceJar SKIPPED
:clouddriver-kubernetes:artifactoryPublish SKIPPED
:clouddriver-openstack:writeLicenseHeader SKIPPED
:clouddriver-openstack:licenseMain SKIPPED
:clouddriver-openstack:licenseTest SKIPPED
:clouddriver-openstack:license SKIPPED
:clouddriver-openstack:compileTestJava SKIPPED
:clouddriver-openstack:compileTestGroovy SKIPPED
:clouddriver-openstack:processTestResources SKIPPED
:clouddriver-openstack:testClasses SKIPPED
:clouddriver-openstack:test SKIPPED
:clouddriver-openstack:check SKIPPED
:clouddriver-openstack:build SKIPPED
:clouddriver-openstack:generatePomFileForNebulaPublication SKIPPED
:clouddriver-openstack:javadoc SKIPPED
:clouddriver-openstack:javadocJar SKIPPED
:clouddriver-openstack:sourceJar SKIPPED
:clouddriver-openstack:artifactoryPublish SKIPPED
:clouddriver-security:writeLicenseHeader SKIPPED
:clouddriver-security:licenseMain SKIPPED
:clouddriver-security:licenseTest SKIPPED
:clouddriver-security:license SKIPPED
:clouddriver-google:testJar SKIPPED
:clouddriver-security:compileTestJava SKIPPED
:clouddriver-security:compileTestGroovy SKIPPED
:clouddriver-security:processTestResources SKIPPED
:clouddriver-security:testClasses SKIPPED
:clouddriver-security:test SKIPPED
:clouddriver-security:check SKIPPED
:clouddriver-security:build SKIPPED
:clouddriver-security:generatePomFileForNebulaPublication SKIPPED
:clouddriver-security:javadocJar SKIPPED
:clouddriver-security:sourceJar SKIPPED
:clouddriver-security:artifactoryPublish SKIPPED
:clouddriver-titus:writeLicenseHeader SKIPPED
:clouddriver-titus:licenseMain SKIPPED
:clouddriver-titus:licenseTest SKIPPED
:clouddriver-titus:license SKIPPED
:clouddriver-titus:compileTestJava SKIPPED
:clouddriver-titus:compileTestGroovy SKIPPED
:clouddriver-titus:processTestResources SKIPPED
:clouddriver-titus:testClasses SKIPPED
:clouddriver-titus:test SKIPPED
:clouddriver-titus:check SKIPPED
:clouddriver-titus:build SKIPPED
:clouddriver-titus:generatePomFileForNebulaPublication SKIPPED
:clouddriver-titus:javadoc SKIPPED
:clouddriver-titus:javadocJar SKIPPED
:clouddriver-titus:sourceJar SKIPPED
:clouddriver-titus:artifactoryPublish SKIPPED
:clouddriver-web:writeLicenseHeader SKIPPED
:clouddriver-web:licenseMain SKIPPED
:clouddriver-web:licenseTest SKIPPED
:clouddriver-web:license SKIPPED
:clouddriver-web:compileTestJava SKIPPED
:clouddriver-web:compileTestGroovy SKIPPED
:clouddriver-web:processTestResources SKIPPED
:clouddriver-web:testClasses SKIPPED
:clouddriver-web:test SKIPPED
:clouddriver-web:check SKIPPED
:clouddriver-web:build SKIPPED
:clouddriver-web:generatePomFileForNebulaPublication SKIPPED
:clouddriver-web:javadoc SKIPPED
:clouddriver-web:javadocJar SKIPPED
:clouddriver-web:sourceJar SKIPPED
:clouddriver-web:artifactoryPublish SKIPPED
:cats:cats-core:findbugsMain SKIPPED
:cats:cats-core:compileTestJava SKIPPED
:cats:cats-core:compileTestGroovy SKIPPED
:cats:cats-core:processTestResources SKIPPED
:cats:cats-core:testClasses SKIPPED
:cats:cats-core:findbugsTest SKIPPED
:cats:cats-core:writeLicenseHeader SKIPPED
:cats:cats-core:licenseMain SKIPPED
:cats:cats-core:licenseTest SKIPPED
:cats:cats-core:license SKIPPED
:cats:cats-core:pmdMain SKIPPED
:cats:cats-core:pmdTest SKIPPED
:cats:cats-core:test SKIPPED
:cats:cats-core:check SKIPPED
:cats:cats-core:build SKIPPED
:cats:cats-core:generatePomFileForNebulaPublication SKIPPED
:cats:cats-core:javadocJar SKIPPED
:cats:cats-core:sourceJar SKIPPED
:cats:cats-core:artifactoryPublish SKIPPED
:cats:cats-redis:findbugsMain SKIPPED
:cats:cats-redis:compileTestJava SKIPPED
:cats:cats-redis:compileTestGroovy SKIPPED
:cats:cats-redis:processTestResources SKIPPED
:cats:cats-redis:testClasses SKIPPED
:cats:cats-redis:findbugsTest SKIPPED
:cats:cats-redis:writeLicenseHeader SKIPPED
:cats:cats-redis:licenseMain SKIPPED
:cats:cats-redis:licenseTest SKIPPED
:cats:cats-redis:license SKIPPED
:cats:cats-redis:pmdMain SKIPPED
:cats:cats-redis:pmdTest SKIPPED
:cats:cats-redis:test SKIPPED
:cats:cats-redis:check SKIPPED
:cats:cats-redis:build SKIPPED
:cats:cats-redis:generatePomFileForNebulaPublication SKIPPED
:cats:cats-redis:javadocJar SKIPPED
:cats:cats-redis:sourceJar SKIPPED
:cats:cats-redis:artifactoryPublish SKIPPED
:cats:cats-test:findbugsMain SKIPPED
:cats:cats-test:compileTestJava SKIPPED
:cats:cats-test:compileTestGroovy SKIPPED
:cats:cats-test:processTestResources SKIPPED
:cats:cats-test:testClasses SKIPPED
:cats:cats-test:findbugsTest SKIPPED
:cats:cats-test:writeLicenseHeader SKIPPED
:cats:cats-test:licenseMain SKIPPED
:cats:cats-test:licenseTest SKIPPED
:cats:cats-test:license SKIPPED
:cats:cats-test:pmdMain SKIPPED
:cats:cats-test:pmdTest SKIPPED
:cats:cats-test:test SKIPPED
:cats:cats-test:check SKIPPED
:cats:cats-test:build SKIPPED
:cats:cats-test:generatePomFileForNebulaPublication SKIPPED
:cats:cats-test:javadoc SKIPPED
:cats:cats-test:javadocJar SKIPPED
:cats:cats-test:sourceJar SKIPPED
:cats:cats-test:artifactoryPublish SKIPPED
:artifactoryPublish SKIPPED
:cats:cats-core:publishNebulaPublicationToMavenLocal SKIPPED
:cats:cats-core:bintrayUpload SKIPPED
:cats:cats-redis:publishNebulaPublicationToMavenLocal SKIPPED
:cats:cats-redis:bintrayUpload SKIPPED
:cats:cats-test:publishNebulaPublicationToMavenLocal SKIPPED
:cats:cats-test:bintrayUpload SKIPPED
:cats:bintrayUpload SKIPPED
:clouddriver-appengine:publishNebulaPublicationToMavenLocal SKIPPED
:clouddriver-appengine:bintrayUpload SKIPPED
:clouddriver-aws:publishNebulaPublicationToMavenLocal SKIPPED
:clouddriver-aws:bintrayUpload SKIPPED
:clouddriver-azure:publishNebulaPublicationToMavenLocal SKIPPED
:clouddriver-azure:bintrayUpload SKIPPED
:clouddriver-cf:publishNebulaPublicationToMavenLocal SKIPPED
:clouddriver-cf:bintrayUpload SKIPPED
:clouddriver-consul:publishNebulaPublicationToMavenLocal SKIPPED
:clouddriver-consul:bintrayUpload SKIPPED
:clouddriver-core:publishNebulaPublicationToMavenLocal SKIPPED
:clouddriver-core:bintrayUpload SKIPPED
:clouddriver-docker:publishNebulaPublicationToMavenLocal SKIPPED
:clouddriver-docker:bintrayUpload SKIPPED
:clouddriver-elasticsearch:publishNebulaPublicationToMavenLocal SKIPPED
:clouddriver-elasticsearch:bintrayUpload SKIPPED
:clouddriver-eureka:publishNebulaPublicationToMavenLocal SKIPPED
:clouddriver-eureka:bintrayUpload SKIPPED
:clouddriver-google:publishNebulaPublicationToMavenLocal SKIPPED
:clouddriver-google:bintrayUpload SKIPPED
:clouddriver-google-common:publishNebulaPublicationToMavenLocal SKIPPED
:clouddriver-google-common:bintrayUpload SKIPPED
:clouddriver-kubernetes:publishNebulaPublicationToMavenLocal SKIPPED
:clouddriver-kubernetes:bintrayUpload SKIPPED
:clouddriver-openstack:publishNebulaPublicationToMavenLocal SKIPPED
:clouddriver-openstack:bintrayUpload SKIPPED
:clouddriver-security:publishNebulaPublicationToMavenLocal SKIPPED
:clouddriver-security:bintrayUpload SKIPPED
:clouddriver-titus:publishNebulaPublicationToMavenLocal SKIPPED
:clouddriver-titus:bintrayUpload SKIPPED
:clouddriver-web:publishNebulaPublicationToMavenLocal SKIPPED
:clouddriver-web:bintrayUpload SKIPPED
:bintrayUpload SKIPPED
:clouddriver-web:buildDeb SKIPPED
:clouddriver-web:publishBuildDeb SKIPPED
:release SKIPPED

BUILD SUCCESSFUL

Total time: 7.899 secs

This build could be faster, please consider using the Gradle Daemon: https://docs.gradle.org/2.14.1/userguide/gradle_daemon.html
